{"uuid":"1cc37d87-197d-4250-9b77-a7460ad9dec9","historyId":"90d3fecccffb266a5689c22e060c92d7","testCaseId":"[engine:junit-jupiter]/[class:vkedu.autotest.task_2.tests.LogOutTest]/[method:logOutTest()]","testCaseName":"Проверка корретности выхода из аккаунта","fullName":"vkedu.autotest.task_2.tests.LogOutTest.logOutTest","labels":[{"name":"tag","value":"Log_out_test"},{"name":"junit.platform.uniqueid","value":"[engine:junit-jupiter]/[class:vkedu.autotest.task_2.tests.LogOutTest]/[method:logOutTest()]"},{"name":"host","value":"MacBook-Air-Artur.local"},{"name":"thread","value":"45477@MacBook-Air-Artur.local.Test worker(1)"},{"name":"framework","value":"junit-platform"},{"name":"language","value":"java"},{"name":"package","value":"vkedu.autotest.task_2.tests.LogOutTest"},{"name":"testClass","value":"vkedu.autotest.task_2.tests.LogOutTest"},{"name":"testMethod","value":"logOutTest"},{"name":"suite","value":"vkedu.autotest.task_2.tests.LogOutTest"}],"links":[],"name":"Проверка корретности выхода из аккаунта","status":"failed","statusDetails":{"known":false,"muted":false,"flaky":false,"message":"Element not found {By.xpath: .//input[@id = 'field_email']}\nExpected: visible\nScreenshot: file:/Users/artmtsh/Desktop/vk_course/VK_Course_AutoTests/Task_2/build/reports/tests/1714419562219.0.png\nPage source: file:/Users/artmtsh/Desktop/vk_course/VK_Course_AutoTests/Task_2/build/reports/tests/1714419562219.0.html\nTimeout: 4 s.\nCaused by: NoSuchElementException: no such element: Unable to locate element: {\"method\":\"xpath\",\"selector\":\".//input[@id = 'field_email']\"}","trace":"Element not found {By.xpath: .//input[@id = 'field_email']}\nExpected: visible\nScreenshot: file:/Users/artmtsh/Desktop/vk_course/VK_Course_AutoTests/Task_2/build/reports/tests/1714419562219.0.png\nPage source: file:/Users/artmtsh/Desktop/vk_course/VK_Course_AutoTests/Task_2/build/reports/tests/1714419562219.0.html\nTimeout: 4 s.\nCaused by: NoSuchElementException: no such element: Unable to locate element: {\"method\":\"xpath\",\"selector\":\".//input[@id = 'field_email']\"}\n\tat com.codeborne.selenide.impl.WebElementSource.createElementNotFoundError(WebElementSource.java:89)\n\tat com.codeborne.selenide.impl.ElementFinder.createElementNotFoundError(ElementFinder.java:142)\n\tat com.codeborne.selenide.impl.WebElementSource.handleError(WebElementSource.java:141)\n\tat com.codeborne.selenide.impl.WebElementSource.checkConditionAndReturnElement(WebElementSource.java:125)\n\tat com.codeborne.selenide.impl.WebElementSource.checkCondition(WebElementSource.java:102)\n\tat com.codeborne.selenide.commands.Should.execute(Should.java:30)\n\tat com.codeborne.selenide.commands.Should.execute(Should.java:14)\n\tat com.codeborne.selenide.commands.Commands.execute(Commands.java:162)\n\tat com.codeborne.selenide.impl.SelenideElementProxy.dispatchAndRetry(SelenideElementProxy.java:134)\n\tat com.codeborne.selenide.impl.SelenideElementProxy.invoke(SelenideElementProxy.java:86)\n\tat jdk.proxy3/jdk.proxy3.$Proxy17.shouldBe(Unknown Source)\n\tat vkedu.autotest.task_2.pages.LoginPage.checkPage(LoginPage.java:49)\n\tat vkedu.autotest.task_2.pages.LoginPage.<init>(LoginPage.java:20)\n\tat vkedu.autotest.task_2.pages.MainPage.<init>(MainPage.java:10)\n\tat vkedu.autotest.task_2.tests.LogOutTest.logOutTest(LogOutTest.java:16)\n\tat java.base/java.lang.reflect.Method.invoke(Method.java:568)\n\tat java.base/java.util.ArrayList.forEach(ArrayList.java:1511)\n\tat java.base/java.util.ArrayList.forEach(ArrayList.java:1511)\nCaused by: org.openqa.selenium.NoSuchElementException: no such element: Unable to locate element: {\"method\":\"xpath\",\"selector\":\".//input[@id = 'field_email']\"}\n  (Session info: chrome=124.0.6367.92)\nFor documentation on this error, please visit: https://www.selenium.dev/documentation/webdriver/troubleshooting/errors#no-such-element-exception\nBuild info: version: '4.18.1', revision: 'b1d3319b48'\nSystem info: os.name: 'Mac OS X', os.arch: 'aarch64', os.version: '12.5', java.version: '17.0.6'\nDriver info: org.openqa.selenium.chrome.ChromeDriver\nCommand: [9ae7897f8f97dd728cbaba1a1080ed26, findElement {using=xpath, value=.//input[@id = 'field_email']}]\nCapabilities {acceptInsecureCerts: true, browserName: chrome, browserVersion: 124.0.6367.92, chrome: {chromedriverVersion: 123.0.6312.86 (9b72c47a0536..., userDataDir: /var/folders/6y/b0kq_sm16_z...}, fedcm:accounts: true, goog:chromeOptions: {debuggerAddress: localhost:52117}, networkConnectionEnabled: false, pageLoadStrategy: normal, platformName: mac, proxy: Proxy(), se:cdp: ws://localhost:52117/devtoo..., se:cdpVersion: 124.0.6367.92, setWindowRect: true, strictFileInteractability: false, timeouts: {implicit: 0, pageLoad: 300000, script: 30000}, unhandledPromptBehavior: accept, webauthn:extension:credBlob: true, webauthn:extension:largeBlob: true, webauthn:extension:minPinLength: true, webauthn:extension:prf: true, webauthn:virtualAuthenticators: true}\nSession ID: 9ae7897f8f97dd728cbaba1a1080ed26\n\tat jdk.internal.reflect.GeneratedConstructorAccessor12.newInstance(Unknown Source)\n\tat java.base/jdk.internal.reflect.DelegatingConstructorAccessorImpl.newInstance(DelegatingConstructorAccessorImpl.java:45)\n\tat java.base/java.lang.reflect.Constructor.newInstanceWithCaller(Constructor.java:499)\n\tat java.base/java.lang.reflect.Constructor.newInstance(Constructor.java:480)\n\tat org.openqa.selenium.remote.ErrorCodec.decode(ErrorCodec.java:167)\n\tat org.openqa.selenium.remote.codec.w3c.W3CHttpResponseCodec.decode(W3CHttpResponseCodec.java:138)\n\tat org.openqa.selenium.remote.codec.w3c.W3CHttpResponseCodec.decode(W3CHttpResponseCodec.java:50)\n\tat org.openqa.selenium.remote.HttpCommandExecutor.execute(HttpCommandExecutor.java:190)\n\tat org.openqa.selenium.remote.service.DriverCommandExecutor.invokeExecute(DriverCommandExecutor.java:216)\n\tat org.openqa.selenium.remote.service.DriverCommandExecutor.execute(DriverCommandExecutor.java:174)\n\tat org.openqa.selenium.remote.RemoteWebDriver.execute(RemoteWebDriver.java:519)\n\tat org.openqa.selenium.remote.ElementLocation$ElementFinder$2.findElement(ElementLocation.java:165)\n\tat org.openqa.selenium.remote.ElementLocation.findElement(ElementLocation.java:59)\n\tat org.openqa.selenium.remote.RemoteWebDriver.findElement(RemoteWebDriver.java:356)\n\tat org.openqa.selenium.remote.RemoteWebDriver.findElement(RemoteWebDriver.java:350)\n\tat com.codeborne.selenide.impl.WebElementSelector.findElement(WebElementSelector.java:70)\n\tat com.codeborne.selenide.impl.WebElementSelector.findElement(WebElementSelector.java:44)\n\tat com.codeborne.selenide.impl.WebElementSelector.findElement(WebElementSelector.java:33)\n\tat com.codeborne.selenide.impl.ElementFinder.getWebElement(ElementFinder.java:122)\n\tat com.codeborne.selenide.impl.WebElementSource.checkConditionAndReturnElement(WebElementSource.java:114)\n\t... 14 more\n"},"stage":"finished","description":"","steps":[],"attachments":[],"parameters":[],"start":1714419553141,"stop":1714419563915}